<!DOCTYPE html PUBLIC "-//W3C//DTD XHTML 1.1//EN" "http://www.w3.org/TR/xhtml11/DTD/xhtml11.dtd">
<html xmlns="http://www.w3.org/1999/xhtml"><head><title>TestNG Report</title><style type="text/css">table {margin-bottom:10px;border-collapse:collapse;empty-cells:show}th,td {border:1px solid #009;padding:.25em .5em}th {vertical-align:bottom}td {vertical-align:top}table a {font-weight:bold}.stripe td {background-color: #E6EBF9}.num {text-align:right}.passedodd td {background-color: #3F3}.passedeven td {background-color: #0A0}.skippedodd td {background-color: #DDD}.skippedeven td {background-color: #CCC}.failedodd td,.attn {background-color: #F33}.failedeven td,.stripe .attn {background-color: #D00}.stacktrace {white-space:pre;font-family:monospace}.totop {font-size:85%;text-align:center;border-bottom:2px solid #000}</style></head><body><table><tr><th>Test</th><th># Passed</th><th># Skipped</th><th># Failed</th><th>Time (ms)</th><th>Included Groups</th><th>Excluded Groups</th></tr><tr><th colspan="7">Orangehrm testsuite</th></tr><tr><td><a href="#t0">Checking Admin login testcase</a></td><td class="num">1</td><td class="num">0</td><td class="num">0</td><td class="num">3,121</td><td></td><td></td></tr><tr class="stripe"><td><a href="#t1">Checking Adminlogin with ivaliddata testcase</a></td><td class="num">1</td><td class="num">0</td><td class="num">0</td><td class="num">636</td><td></td><td></td></tr><tr><td><a href="#t2">Employee Reg test</a></td><td class="num">1</td><td class="num">0</td><td class="num">0</td><td class="num">6,780</td><td></td><td></td></tr><tr class="stripe"><td><a href="#t3">user Reg test</a></td><td class="num">0</td><td class="num">0</td><td class="num attn">1</td><td class="num">20,178</td><td></td><td></td></tr><tr><td><a href="#t4">employee logintest</a></td><td class="num">0</td><td class="num">0</td><td class="num attn">1</td><td class="num">7</td><td></td><td></td></tr><tr><th>Total</th><th class="num">3</th><th class="num">0</th><th class="num attn">2</th><th class="num">30,722</th><th colspan="2"></th></tr></table><table id='summary'><thead><tr><th>Class</th><th>Method</th><th>Start</th><th>Time (ms)</th></tr></thead><tbody><tr><th colspan="4">Orangehrm testsuite</th></tr></tbody><tbody id="t0"><tr><th colspan="4">Checking Admin login testcase &#8212; passed</th></tr><tr class="passedeven"><td rowspan="1">OrangeHRM.TestCases.AdminLoginTestWithValidData</td><td><a href="#m0">CheckAdminLogin</a></td><td rowspan="1">1656520839567</td><td rowspan="1">3077</td></tr></tbody><tbody id="t1"><tr><th colspan="4">Checking Adminlogin with ivaliddata testcase &#8212; passed</th></tr><tr class="passedeven"><td rowspan="1">OrangeHRM.TestCases.AdminLoginTestwithInvalidData</td><td><a href="#m1">checkAdminLogin</a></td><td rowspan="1">1656520842714</td><td rowspan="1">632</td></tr></tbody><tbody id="t2"><tr><th colspan="4">Employee Reg test &#8212; passed</th></tr><tr class="passedeven"><td rowspan="1">OrangeHRM.TestCases.EmployeeRegTest</td><td><a href="#m2">checkempReg</a></td><td rowspan="1">1656520844716</td><td rowspan="1">4697</td></tr></tbody><tbody id="t3"><tr><th colspan="4">user Reg test &#8212; failed (configuration methods)</th></tr><tr class="failedeven"><td rowspan="1">OrangeHRM.TestCases.UserRegTest</td><td><a href="#m3">adminlogout</a></td><td rowspan="1">1656520870282</td><td rowspan="1">49</td></tr><tr><th colspan="4">user Reg test &#8212; failed</th></tr><tr class="failedeven"><td rowspan="1">OrangeHRM.TestCases.UserRegTest</td><td><a href="#m4">Userregistration</a></td><td rowspan="1">1656520851429</td><td rowspan="1">18844</td></tr></tbody><tbody id="t4"><tr><th colspan="4">employee logintest &#8212; failed (configuration methods)</th></tr><tr class="failedeven"><td rowspan="1">OrangeHRM.TestCases.EmployeeloginTest</td><td><a href="#m5">closeapp</a></td><td rowspan="1">1656520870379</td><td rowspan="1">4142</td></tr><tr><th colspan="4">employee logintest &#8212; failed</th></tr><tr class="failedeven"><td rowspan="1">OrangeHRM.TestCases.EmployeeloginTest</td><td><a href="#m6">checkemployeelogintest</a></td><td rowspan="1">1656520870363</td><td rowspan="1">0</td></tr></tbody></table><h2>Checking Admin login testcase</h2><h3 id="m0">OrangeHRM.TestCases.AdminLoginTestWithValidData#CheckAdminLogin</h3><table class="result"><tr class="param"><th>Parameter #1</th><th>Parameter #2</th></tr><tr class="param stripe"><td>Admin</td><td>Qedge123!@#</td></tr></table><p class="totop"><a href="#summary">back to summary</a></p><h2>Checking Adminlogin with ivaliddata testcase</h2><h3 id="m1">OrangeHRM.TestCases.AdminLoginTestwithInvalidData#checkAdminLogin</h3><table class="result"><tr class="param"><th>Parameter #1</th><th>Parameter #2</th></tr><tr class="param stripe"><td>adc</td><td>123</td></tr></table><p class="totop"><a href="#summary">back to summary</a></p><h2>Employee Reg test</h2><h3 id="m2">OrangeHRM.TestCases.EmployeeRegTest#checkempReg</h3><table class="result"><tr class="param"><th>Parameter #1</th><th>Parameter #2</th></tr><tr class="param stripe"><td>seresha</td><td>Qedge</td></tr></table><p class="totop"><a href="#summary">back to summary</a></p><h2>user Reg test</h2><h3 id="m3">OrangeHRM.TestCases.UserRegTest#adminlogout</h3><table class="result"><tr><th>Exception</th></tr><tr><td><div class="stacktrace">org.openqa.selenium.NoSuchWindowException: no such window: target window already closed
from unknown error: web view not found
  (Session info: chrome=103.0.5060.53)
Build info: version: &apos;3.141.59&apos;, revision: &apos;e82be7d358&apos;, time: &apos;2018-11-14T08:25:53&apos;
System info: host: &apos;LAPTOP-CE5NOSOD&apos;, ip: &apos;192.168.0.117&apos;, os.name: &apos;Windows 10&apos;, os.arch: &apos;amd64&apos;, os.version: &apos;10.0&apos;, java.version: &apos;1.8.0_121&apos;
Driver info: org.openqa.selenium.chrome.ChromeDriver
Capabilities {acceptInsecureCerts: false, browserName: chrome, browserVersion: 103.0.5060.53, chrome: {chromedriverVersion: 102.0.5005.61 (0e59bcc00cc4..., userDataDir: C:\Users\batik\AppData\Loca...}, goog:chromeOptions: {debuggerAddress: localhost:58834}, javascriptEnabled: true, networkConnectionEnabled: false, pageLoadStrategy: normal, platform: WINDOWS, platformName: WINDOWS, proxy: Proxy(), setWindowRect: true, strictFileInteractability: false, timeouts: {implicit: 0, pageLoad: 300000, script: 30000}, unhandledPromptBehavior: dismiss and notify, webauthn:extension:credBlob: true, webauthn:extension:largeBlob: true, webauthn:virtualAuthenticators: true}
Session ID: 69ba4625d6c0f2d3b475de720fd30e73
*** Element info: {Using=partial link text, value=Welcome}
	at org.openqa.selenium.remote.http.W3CHttpResponseCodec.createException(W3CHttpResponseCodec.java:187)
	at org.openqa.selenium.remote.http.W3CHttpResponseCodec.decode(W3CHttpResponseCodec.java:122)
	at org.openqa.selenium.remote.http.W3CHttpResponseCodec.decode(W3CHttpResponseCodec.java:49)
	at org.openqa.selenium.remote.HttpCommandExecutor.execute(HttpCommandExecutor.java:158)
	at org.openqa.selenium.remote.service.DriverCommandExecutor.execute(DriverCommandExecutor.java:83)
	at org.openqa.selenium.remote.RemoteWebDriver.execute(RemoteWebDriver.java:552)
	at org.openqa.selenium.remote.RemoteWebDriver.findElement(RemoteWebDriver.java:323)
	at org.openqa.selenium.remote.RemoteWebDriver.findElementByPartialLinkText(RemoteWebDriver.java:388)
	at org.openqa.selenium.By$ByPartialLinkText.findElement(By.java:250)
	at org.openqa.selenium.remote.RemoteWebDriver.findElement(RemoteWebDriver.java:315)
	at OrangeHRM.Library.AdminModuleconstants.adminlogout(AdminModuleconstants.java:26)
... Removed 27 stack frames</div></td></tr></table><p class="totop"><a href="#summary">back to summary</a></p><h3 id="m4">OrangeHRM.TestCases.UserRegTest#Userregistration</h3><table class="result"><tr class="param"><th>Parameter #1</th><th>Parameter #2</th><th>Parameter #3</th><th>Parameter #4</th></tr><tr class="param stripe"><td>ESS</td><td>chiranjeevi</td><td>demoravi123</td><td>Ravi123!@#</td></tr><tr><th colspan="4">Exception</th></tr><tr><td colspan="4"><div class="stacktrace">org.openqa.selenium.NoSuchElementException: Cannot locate an element using id=searchSystemUser_userName
For documentation on this error, please visit: https://www.seleniumhq.org/exceptions/no_such_element.html
Build info: version: &apos;3.141.59&apos;, revision: &apos;e82be7d358&apos;, time: &apos;2018-11-14T08:25:53&apos;
System info: host: &apos;LAPTOP-CE5NOSOD&apos;, ip: &apos;192.168.0.117&apos;, os.name: &apos;Windows 10&apos;, os.arch: &apos;amd64&apos;, os.version: &apos;10.0&apos;, java.version: &apos;1.8.0_121&apos;
Driver info: driver.version: RemoteWebDriver
	at org.openqa.selenium.remote.RemoteWebDriver.findElement(RemoteWebDriver.java:327)
	at org.openqa.selenium.remote.RemoteWebDriver.findElementById(RemoteWebDriver.java:372)
	at org.openqa.selenium.By$ById.findElement(By.java:188)
	at org.openqa.selenium.remote.RemoteWebDriver.findElement(RemoteWebDriver.java:315)
	at OrangeHRM.Library.User.addUser(User.java:34)
	at OrangeHRM.TestCases.UserRegTest.Userregistration(UserRegTest.java:17)
... Removed 25 stack frames</div></td></tr></table><p class="totop"><a href="#summary">back to summary</a></p><h2>employee logintest</h2><h3 id="m5">OrangeHRM.TestCases.EmployeeloginTest#closeapp</h3><table class="result"><tr><th>Exception</th></tr><tr><td><div class="stacktrace">org.openqa.selenium.WebDriverException: chrome not reachable
  (Session info: chrome=103.0.5060.53)
Build info: version: &apos;3.141.59&apos;, revision: &apos;e82be7d358&apos;, time: &apos;2018-11-14T08:25:53&apos;
System info: host: &apos;LAPTOP-CE5NOSOD&apos;, ip: &apos;192.168.0.117&apos;, os.name: &apos;Windows 10&apos;, os.arch: &apos;amd64&apos;, os.version: &apos;10.0&apos;, java.version: &apos;1.8.0_121&apos;
Driver info: org.openqa.selenium.chrome.ChromeDriver
Capabilities {acceptInsecureCerts: false, browserName: chrome, browserVersion: 103.0.5060.53, chrome: {chromedriverVersion: 102.0.5005.61 (0e59bcc00cc4..., userDataDir: C:\Users\batik\AppData\Loca...}, goog:chromeOptions: {debuggerAddress: localhost:58834}, javascriptEnabled: true, networkConnectionEnabled: false, pageLoadStrategy: normal, platform: WINDOWS, platformName: WINDOWS, proxy: Proxy(), setWindowRect: true, strictFileInteractability: false, timeouts: {implicit: 0, pageLoad: 300000, script: 30000}, unhandledPromptBehavior: dismiss and notify, webauthn:extension:credBlob: true, webauthn:extension:largeBlob: true, webauthn:virtualAuthenticators: true}
Session ID: 69ba4625d6c0f2d3b475de720fd30e73
	at org.openqa.selenium.remote.http.W3CHttpResponseCodec.createException(W3CHttpResponseCodec.java:187)
	at org.openqa.selenium.remote.http.W3CHttpResponseCodec.decode(W3CHttpResponseCodec.java:122)
	at org.openqa.selenium.remote.http.W3CHttpResponseCodec.decode(W3CHttpResponseCodec.java:49)
	at org.openqa.selenium.remote.HttpCommandExecutor.execute(HttpCommandExecutor.java:158)
	at org.openqa.selenium.remote.service.DriverCommandExecutor.execute(DriverCommandExecutor.java:83)
	at org.openqa.selenium.remote.RemoteWebDriver.execute(RemoteWebDriver.java:552)
	at org.openqa.selenium.remote.RemoteWebDriver.execute(RemoteWebDriver.java:609)
	at org.openqa.selenium.remote.RemoteWebDriver.close(RemoteWebDriver.java:442)
	at Utils.Apputils.closeapp(Apputils.java:32)
... Removed 23 stack frames</div></td></tr></table><p class="totop"><a href="#summary">back to summary</a></p><h3 id="m6">OrangeHRM.TestCases.EmployeeloginTest#checkemployeelogintest</h3><table class="result"><tr><th>Exception</th></tr><tr><td><div class="stacktrace">org.testng.TestNGException: 
Cannot inject @Test annotated Method [checkemployeelogintest] with [class java.lang.String, class java.lang.String].
For more information on native dependency injection please refer to http://testng.org/doc/documentation-main.html#native-dependency-injection
... Removed 24 stack frames</div></td></tr></table><p class="totop"><a href="#summary">back to summary</a></p></body></html>